This file contains any messages produced by compilers while
running configure, to aid debugging if configure makes a mistake.

It was created by configure, which was
generated by GNU Autoconf 2.69.  Invocation command line was

  $ /SCRATCH/arcjenkins2/slaves/us01-odc-custom-arcoss3/workspace/arcoss_verification/arc_gnu_toolchain_verification/build_toolchain-2/crosstool-ng/.build/arc-snps-elf/src/gcc/configure --build=x86_64-build_pc-linux-gnu --host=x86_64-build_pc-linux-gnu --target=arc-snps-elf --prefix=/u/svc-arcoss_auto/arcoss_verification/arc-gnu-toolchain/workspace/builds/1319/arc-multilib-elf32 --exec_prefix=/u/svc-arcoss_auto/arcoss_verification/arc-gnu-toolchain/workspace/builds/1319/arc-multilib-elf32/newlib-nano --with-local-prefix=/u/svc-arcoss_auto/arcoss_verification/arc-gnu-toolchain/workspace/builds/1319/arc-multilib-elf32/arc-snps-elf --with-headers=/u/svc-arcoss_auto/arcoss_verification/arc-gnu-toolchain/workspace/builds/1319/arc-multilib-elf32/arc-snps-elf/include --with-headers=/u/svc-arcoss_auto/arcoss_verification/arc-gnu-toolchain/workspace/builds/1319/arc-multilib-elf32/newlib-nano/include --with-newlib --enable-threads=no --disable-shared --with-pkgversion=ARCompact/ARCv2 ISA elf32 toolchain - build 1319 --enable-__cxa_atexit --disable-libgomp --disable-libmudflap --disable-libmpx --disable-libssp --disable-libquadmath --disable-libquadmath-support --disable-libstdcxx-verbose --with-gmp=/SCRATCH/arcjenkins2/slaves/us01-odc-custom-arcoss3/workspace/arcoss_verification/arc_gnu_toolchain_verification/build_toolchain-2/crosstool-ng/.build/arc-snps-elf/buildtools --with-mpfr=/SCRATCH/arcjenkins2/slaves/us01-odc-custom-arcoss3/workspace/arcoss_verification/arc_gnu_toolchain_verification/build_toolchain-2/crosstool-ng/.build/arc-snps-elf/buildtools --with-mpc=/SCRATCH/arcjenkins2/slaves/us01-odc-custom-arcoss3/workspace/arcoss_verification/arc_gnu_toolchain_verification/build_toolchain-2/crosstool-ng/.build/arc-snps-elf/buildtools --with-isl=no --with-cloog=no --enable-lto --enable-target-optspace --disable-nls --disable-tls --enable-multiarch --enable-languages=c,c++

## --------- ##
## Platform. ##
## --------- ##

hostname = us01dwia-amd-64cx1024g-019
uname -m = x86_64
uname -r = 3.10.0-1160.31.1.el7.x86_64
uname -s = Linux
uname -v = #1 SMP Thu Jun 10 13:32:12 UTC 2021

/usr/bin/uname -p = x86_64
/bin/uname -X     = unknown

/bin/arch              = x86_64
/usr/bin/arch -k       = unknown
/usr/convex/getsysinfo = unknown
/usr/bin/hostinfo      = unknown
/bin/machine           = unknown
/usr/bin/oslevel       = unknown
/bin/universe          = unknown

PATH: /u/svc-arcoss_auto/arcoss_verification/arc-gnu-toolchain/workspace/builds/1319/arc-multilib-elf32/bin
PATH: /SCRATCH/arcjenkins2/slaves/us01-odc-custom-arcoss3/workspace/arcoss_verification/arc_gnu_toolchain_verification/build_toolchain-2/crosstool-ng/.build/arc-snps-elf/buildtools/bin
PATH: /SCRATCH/arcjenkins2/slaves/us01-odc-custom-arcoss3/workspace/arcoss_verification/arc_gnu_toolchain_verification/build_toolchain-2/crosstool-ng/.build/tools/bin
PATH: /depot/texinfo-4.13/bin
PATH: /depot/Python/Python-3.7.0/bin/
PATH: /u/svc-arcoss_auto/tools/help2man
PATH: /u/svc-arcoss_auto/.local/bin/
PATH: /u/svc-arcoss_auto/bin
PATH: /usr/lib64/qt-3.3/bin
PATH: /usr/bin
PATH: /bin
PATH: /usr/X11R6/bin


## ----------- ##
## Core tests. ##
## ----------- ##

configure:2378: checking build system type
configure:2392: result: x86_64-build_pc-linux-gnu
configure:2439: checking host system type
configure:2452: result: x86_64-build_pc-linux-gnu
configure:2472: checking target system type
configure:2485: result: arc-snps-elf
configure:2539: checking for a BSD-compatible install
configure:2607: result: /SCRATCH/arcjenkins2/slaves/us01-odc-custom-arcoss3/workspace/arcoss_verification/arc_gnu_toolchain_verification/build_toolchain-2/crosstool-ng/.build/tools/bin/install -c
configure:2618: checking whether ln works
configure:2640: result: yes
configure:2644: checking whether ln -s works
configure:2648: result: yes
configure:2655: checking for a sed that does not truncate output
configure:2719: result: /SCRATCH/arcjenkins2/slaves/us01-odc-custom-arcoss3/workspace/arcoss_verification/arc_gnu_toolchain_verification/build_toolchain-2/crosstool-ng/.build/tools/bin/sed
configure:2728: checking for gawk
configure:2744: found /usr/bin/gawk
configure:2755: result: gawk
configure:3256: checking for libatomic support
configure:3262: result: no
configure:3294: checking for libitm support
configure:3300: result: no
configure:3313: checking for libsanitizer support
configure:3319: result: no
configure:3332: checking for libvtv support
configure:3338: result: no
configure:3462: checking for libphobos support
configure:3468: result: no
configure:4144: checking for x86_64-build_pc-linux-gnu-gcc
configure:4160: found /SCRATCH/arcjenkins2/slaves/us01-odc-custom-arcoss3/workspace/arcoss_verification/arc_gnu_toolchain_verification/build_toolchain-2/crosstool-ng/.build/arc-snps-elf/buildtools/bin/x86_64-build_pc-linux-gnu-gcc
configure:4171: result: x86_64-build_pc-linux-gnu-gcc
configure:4440: checking for C compiler version
configure:4449: x86_64-build_pc-linux-gnu-gcc --version >&5
gcc (GCC) 4.8.5 20150623 (Red Hat 4.8.5-39)
Copyright (C) 2015 Free Software Foundation, Inc.
This is free software; see the source for copying conditions.  There is NO
warranty; not even for MERCHANTABILITY or FITNESS FOR A PARTICULAR PURPOSE.

configure:4460: $? = 0
configure:4449: x86_64-build_pc-linux-gnu-gcc -v >&5
Using built-in specs.
COLLECT_GCC=/usr/bin/gcc
COLLECT_LTO_WRAPPER=/usr/libexec/gcc/x86_64-redhat-linux/4.8.5/lto-wrapper
Target: x86_64-redhat-linux
Configured with: ../configure --prefix=/usr --mandir=/usr/share/man --infodir=/usr/share/info --with-bugurl=http://bugzilla.redhat.com/bugzilla --enable-bootstrap --enable-shared --enable-threads=posix --enable-checking=release --with-system-zlib --enable-__cxa_atexit --disable-libunwind-exceptions --enable-gnu-unique-object --enable-linker-build-id --with-linker-hash-style=gnu --enable-languages=c,c++,objc,obj-c++,java,fortran,ada,go,lto --enable-plugin --enable-initfini-array --disable-libgcj --with-isl=/builddir/build/BUILD/gcc-4.8.5-20150702/obj-x86_64-redhat-linux/isl-install --with-cloog=/builddir/build/BUILD/gcc-4.8.5-20150702/obj-x86_64-redhat-linux/cloog-install --enable-gnu-indirect-function --with-tune=generic --with-arch_32=x86-64 --build=x86_64-redhat-linux
Thread model: posix
gcc version 4.8.5 20150623 (Red Hat 4.8.5-39) (GCC) 
configure:4460: $? = 0
configure:4449: x86_64-build_pc-linux-gnu-gcc -V >&5
gcc: error: unrecognized command line option '-V'
gcc: fatal error: no input files
compilation terminated.
configure:4460: $? = 4
configure:4449: x86_64-build_pc-linux-gnu-gcc -qversion >&5
gcc: error: unrecognized command line option '-qversion'
gcc: fatal error: no input files
compilation terminated.
configure:4460: $? = 4
configure:4480: checking whether the C compiler works
configure:4502: x86_64-build_pc-linux-gnu-gcc -O2 -g -pipe -I/SCRATCH/arcjenkins2/slaves/us01-odc-custom-arcoss3/workspace/arcoss_verification/arc_gnu_toolchain_verification/build_toolchain-2/crosstool-ng/.build/arc-snps-elf/buildtools/include    -L/SCRATCH/arcjenkins2/slaves/us01-odc-custom-arcoss3/workspace/arcoss_verification/arc_gnu_toolchain_verification/build_toolchain-2/crosstool-ng/.build/arc-snps-elf/buildtools/lib   conftest.c  >&5
configure:4506: $? = 0
configure:4554: result: yes
configure:4557: checking for C compiler default output file name
configure:4559: result: a.out
configure:4565: checking for suffix of executables
configure:4572: x86_64-build_pc-linux-gnu-gcc -o conftest -O2 -g -pipe -I/SCRATCH/arcjenkins2/slaves/us01-odc-custom-arcoss3/workspace/arcoss_verification/arc_gnu_toolchain_verification/build_toolchain-2/crosstool-ng/.build/arc-snps-elf/buildtools/include    -L/SCRATCH/arcjenkins2/slaves/us01-odc-custom-arcoss3/workspace/arcoss_verification/arc_gnu_toolchain_verification/build_toolchain-2/crosstool-ng/.build/arc-snps-elf/buildtools/lib   conftest.c  >&5
configure:4576: $? = 0
configure:4598: result: 
configure:4620: checking whether we are cross compiling
configure:4628: x86_64-build_pc-linux-gnu-gcc -o conftest -O2 -g -pipe -I/SCRATCH/arcjenkins2/slaves/us01-odc-custom-arcoss3/workspace/arcoss_verification/arc_gnu_toolchain_verification/build_toolchain-2/crosstool-ng/.build/arc-snps-elf/buildtools/include    -L/SCRATCH/arcjenkins2/slaves/us01-odc-custom-arcoss3/workspace/arcoss_verification/arc_gnu_toolchain_verification/build_toolchain-2/crosstool-ng/.build/arc-snps-elf/buildtools/lib   conftest.c  >&5
configure:4632: $? = 0
configure:4639: ./conftest
configure:4643: $? = 0
configure:4658: result: no
configure:4663: checking for suffix of object files
configure:4685: x86_64-build_pc-linux-gnu-gcc -c -O2 -g -pipe -I/SCRATCH/arcjenkins2/slaves/us01-odc-custom-arcoss3/workspace/arcoss_verification/arc_gnu_toolchain_verification/build_toolchain-2/crosstool-ng/.build/arc-snps-elf/buildtools/include    conftest.c >&5
configure:4689: $? = 0
configure:4710: result: o
configure:4714: checking whether we are using the GNU C compiler
configure:4733: x86_64-build_pc-linux-gnu-gcc -c -O2 -g -pipe -I/SCRATCH/arcjenkins2/slaves/us01-odc-custom-arcoss3/workspace/arcoss_verification/arc_gnu_toolchain_verification/build_toolchain-2/crosstool-ng/.build/arc-snps-elf/buildtools/include    conftest.c >&5
configure:4733: $? = 0
configure:4742: result: yes
configure:4751: checking whether x86_64-build_pc-linux-gnu-gcc accepts -g
configure:4771: x86_64-build_pc-linux-gnu-gcc -c -g  conftest.c >&5
configure:4771: $? = 0
configure:4812: result: yes
configure:4829: checking for x86_64-build_pc-linux-gnu-gcc option to accept ISO C89
configure:4892: x86_64-build_pc-linux-gnu-gcc  -c -O2 -g -pipe -I/SCRATCH/arcjenkins2/slaves/us01-odc-custom-arcoss3/workspace/arcoss_verification/arc_gnu_toolchain_verification/build_toolchain-2/crosstool-ng/.build/arc-snps-elf/buildtools/include    conftest.c >&5
configure:4892: $? = 0
configure:4905: result: none needed
configure:4925: checking for x86_64-build_pc-linux-gnu-gcc option to accept ISO C99
configure:5074: x86_64-build_pc-linux-gnu-gcc  -c -O2 -g -pipe -I/SCRATCH/arcjenkins2/slaves/us01-odc-custom-arcoss3/workspace/arcoss_verification/arc_gnu_toolchain_verification/build_toolchain-2/crosstool-ng/.build/arc-snps-elf/buildtools/include    conftest.c >&5
conftest.c:59:29: error: expected ';', ',' or ')' before 'text'
 test_restrict (ccp restrict text)
                             ^
conftest.c: In function 'main':
conftest.c:113:18: error: expected '=', ',', ';', 'asm' or '__attribute__' before 'newvar'
   char *restrict newvar = "Another string";
                  ^
conftest.c:113:18: error: 'newvar' undeclared (first use in this function)
conftest.c:113:18: note: each undeclared identifier is reported only once for each function it appears in
conftest.c:123:3: error: 'for' loop initial declarations are only allowed in C99 mode
   for (int i = 0; i < ia->datasize; ++i)
   ^
conftest.c:123:3: note: use option -std=c99 or -std=gnu99 to compile your code
configure:5074: $? = 1
configure: failed program was:
| /* confdefs.h */
| #define PACKAGE_NAME ""
| #define PACKAGE_TARNAME ""
| #define PACKAGE_VERSION ""
| #define PACKAGE_STRING ""
| #define PACKAGE_BUGREPORT ""
| #define PACKAGE_URL ""
| /* end confdefs.h.  */
| #include <stdarg.h>
| #include <stdbool.h>
| #include <stdlib.h>
| #include <wchar.h>
| #include <stdio.h>
| 
| // Check varargs macros.  These examples are taken from C99 6.10.3.5.
| #define debug(...) fprintf (stderr, __VA_ARGS__)
| #define showlist(...) puts (#__VA_ARGS__)
| #define report(test,...) ((test) ? puts (#test) : printf (__VA_ARGS__))
| static void
| test_varargs_macros (void)
| {
|   int x = 1234;
|   int y = 5678;
|   debug ("Flag");
|   debug ("X = %d\n", x);
|   showlist (The first, second, and third items.);
|   report (x>y, "x is %d but y is %d", x, y);
| }
| 
| // Check long long types.
| #define BIG64 18446744073709551615ull
| #define BIG32 4294967295ul
| #define BIG_OK (BIG64 / BIG32 == 4294967297ull && BIG64 % BIG32 == 0)
| #if !BIG_OK
|   your preprocessor is broken;
| #endif
| #if BIG_OK
| #else
|   your preprocessor is broken;
| #endif
| static long long int bignum = -9223372036854775807LL;
| static unsigned long long int ubignum = BIG64;
| 
| struct incomplete_array
| {
|   int datasize;
|   double data[];
| };
| 
| struct named_init {
|   int number;
|   const wchar_t *name;
|   double average;
| };
| 
| typedef const char *ccp;
| 
| static inline int
| test_restrict (ccp restrict text)
| {
|   // See if C++-style comments work.
|   // Iterate through items via the restricted pointer.
|   // Also check for declarations in for loops.
|   for (unsigned int i = 0; *(text+i) != '\0'; ++i)
|     continue;
|   return 0;
| }
| 
| // Check varargs and va_copy.
| static void
| test_varargs (const char *format, ...)
| {
|   va_list args;
|   va_start (args, format);
|   va_list args_copy;
|   va_copy (args_copy, args);
| 
|   const char *str;
|   int number;
|   float fnumber;
| 
|   while (*format)
|     {
|       switch (*format++)
| 	{
| 	case 's': // string
| 	  str = va_arg (args_copy, const char *);
| 	  break;
| 	case 'd': // int
| 	  number = va_arg (args_copy, int);
| 	  break;
| 	case 'f': // float
| 	  fnumber = va_arg (args_copy, double);
| 	  break;
| 	default:
| 	  break;
| 	}
|     }
|   va_end (args_copy);
|   va_end (args);
| }
| 
| int
| main ()
| {
| 
|   // Check bool.
|   _Bool success = false;
| 
|   // Check restrict.
|   if (test_restrict ("String literal") == 0)
|     success = true;
|   char *restrict newvar = "Another string";
| 
|   // Check varargs.
|   test_varargs ("s, d' f .", "string", 65, 34.234);
|   test_varargs_macros ();
| 
|   // Check flexible array members.
|   struct incomplete_array *ia =
|     malloc (sizeof (struct incomplete_array) + (sizeof (double) * 10));
|   ia->datasize = 10;
|   for (int i = 0; i < ia->datasize; ++i)
|     ia->data[i] = i * 1.234;
| 
|   // Check named initializers.
|   struct named_init ni = {
|     .number = 34,
|     .name = L"Test wide string",
|     .average = 543.34343,
|   };
| 
|   ni.number = 58;
| 
|   int dynamic_array[ni.number];
|   dynamic_array[ni.number - 1] = 543;
| 
|   // work around unused variable warnings
|   return (!success || bignum == 0LL || ubignum == 0uLL || newvar[0] == 'x'
| 	  || dynamic_array[ni.number - 1] != 543);
| 
|   ;
|   return 0;
| }
configure:5074: x86_64-build_pc-linux-gnu-gcc -std=gnu99 -c -O2 -g -pipe -I/SCRATCH/arcjenkins2/slaves/us01-odc-custom-arcoss3/workspace/arcoss_verification/arc_gnu_toolchain_verification/build_toolchain-2/crosstool-ng/.build/arc-snps-elf/buildtools/include    conftest.c >&5
configure:5074: $? = 0
configure:5094: result: -std=gnu99
configure:5116: checking for x86_64-build_pc-linux-gnu-g++
configure:5132: found /SCRATCH/arcjenkins2/slaves/us01-odc-custom-arcoss3/workspace/arcoss_verification/arc_gnu_toolchain_verification/build_toolchain-2/crosstool-ng/.build/arc-snps-elf/buildtools/bin/x86_64-build_pc-linux-gnu-g++
configure:5143: result: x86_64-build_pc-linux-gnu-g++
configure:5214: checking for C++ compiler version
configure:5223: x86_64-build_pc-linux-gnu-g++ --version >&5
g++ (GCC) 4.8.5 20150623 (Red Hat 4.8.5-39)
Copyright (C) 2015 Free Software Foundation, Inc.
This is free software; see the source for copying conditions.  There is NO
warranty; not even for MERCHANTABILITY or FITNESS FOR A PARTICULAR PURPOSE.

configure:5234: $? = 0
configure:5223: x86_64-build_pc-linux-gnu-g++ -v >&5
Using built-in specs.
COLLECT_GCC=/usr/bin/g++
COLLECT_LTO_WRAPPER=/usr/libexec/gcc/x86_64-redhat-linux/4.8.5/lto-wrapper
Target: x86_64-redhat-linux
Configured with: ../configure --prefix=/usr --mandir=/usr/share/man --infodir=/usr/share/info --with-bugurl=http://bugzilla.redhat.com/bugzilla --enable-bootstrap --enable-shared --enable-threads=posix --enable-checking=release --with-system-zlib --enable-__cxa_atexit --disable-libunwind-exceptions --enable-gnu-unique-object --enable-linker-build-id --with-linker-hash-style=gnu --enable-languages=c,c++,objc,obj-c++,java,fortran,ada,go,lto --enable-plugin --enable-initfini-array --disable-libgcj --with-isl=/builddir/build/BUILD/gcc-4.8.5-20150702/obj-x86_64-redhat-linux/isl-install --with-cloog=/builddir/build/BUILD/gcc-4.8.5-20150702/obj-x86_64-redhat-linux/cloog-install --enable-gnu-indirect-function --with-tune=generic --with-arch_32=x86-64 --build=x86_64-redhat-linux
Thread model: posix
gcc version 4.8.5 20150623 (Red Hat 4.8.5-39) (GCC) 
configure:5234: $? = 0
configure:5223: x86_64-build_pc-linux-gnu-g++ -V >&5
g++: error: unrecognized command line option '-V'
g++: fatal error: no input files
compilation terminated.
configure:5234: $? = 4
configure:5223: x86_64-build_pc-linux-gnu-g++ -qversion >&5
g++: error: unrecognized command line option '-qversion'
g++: fatal error: no input files
compilation terminated.
configure:5234: $? = 4
configure:5238: checking whether we are using the GNU C++ compiler
configure:5257: x86_64-build_pc-linux-gnu-g++ -c -O2 -g -pipe -I/SCRATCH/arcjenkins2/slaves/us01-odc-custom-arcoss3/workspace/arcoss_verification/arc_gnu_toolchain_verification/build_toolchain-2/crosstool-ng/.build/arc-snps-elf/buildtools/include     conftest.cpp >&5
configure:5257: $? = 0
configure:5266: result: yes
configure:5275: checking whether x86_64-build_pc-linux-gnu-g++ accepts -g
configure:5295: x86_64-build_pc-linux-gnu-g++ -c -g  conftest.cpp >&5
configure:5295: $? = 0
configure:5336: result: yes
configure:5385: checking whether g++ accepts -static-libstdc++ -static-libgcc
configure:5402: x86_64-build_pc-linux-gnu-g++ -o conftest -O2 -g -pipe -I/SCRATCH/arcjenkins2/slaves/us01-odc-custom-arcoss3/workspace/arcoss_verification/arc_gnu_toolchain_verification/build_toolchain-2/crosstool-ng/.build/arc-snps-elf/buildtools/include     -L/SCRATCH/arcjenkins2/slaves/us01-odc-custom-arcoss3/workspace/arcoss_verification/arc_gnu_toolchain_verification/build_toolchain-2/crosstool-ng/.build/arc-snps-elf/buildtools/lib   -static-libstdc++ -static-libgcc conftest.cpp  >&5
/usr/bin/ld: cannot find -lstdc++
collect2: error: ld returned 1 exit status
configure:5402: $? = 1
configure: failed program was:
| /* confdefs.h */
| #define PACKAGE_NAME ""
| #define PACKAGE_TARNAME ""
| #define PACKAGE_VERSION ""
| #define PACKAGE_STRING ""
| #define PACKAGE_BUGREPORT ""
| #define PACKAGE_URL ""
| /* end confdefs.h.  */
| 
| #if (__GNUC__ < 4) || (__GNUC__ == 4 && __GNUC_MINOR__ < 5)
| #error -static-libstdc++ not implemented
| #endif
| int main() {}
configure:5406: result: no
configure:5427: checking for x86_64-build_pc-linux-gnu-gnatbind
configure:5443: found /SCRATCH/arcjenkins2/slaves/us01-odc-custom-arcoss3/workspace/arcoss_verification/arc_gnu_toolchain_verification/build_toolchain-2/crosstool-ng/.build/arc-snps-elf/buildtools/bin/x86_64-build_pc-linux-gnu-gnatbind
configure:5454: result: x86_64-build_pc-linux-gnu-gnatbind
configure:5519: checking for x86_64-build_pc-linux-gnu-gnatmake
configure:5535: found /SCRATCH/arcjenkins2/slaves/us01-odc-custom-arcoss3/workspace/arcoss_verification/arc_gnu_toolchain_verification/build_toolchain-2/crosstool-ng/.build/arc-snps-elf/buildtools/bin/x86_64-build_pc-linux-gnu-gnatmake
configure:5546: result: x86_64-build_pc-linux-gnu-gnatmake
configure:5608: checking whether compiler driver understands Ada
configure:5631: result: yes
configure:5645: checking for x86_64-build_pc-linux-gnu-gdc
configure:5675: result: no
configure:5685: checking for gdc
configure:5715: result: no
configure:5734: checking whether the D compiler works
configure:5751: result: no
configure:5759: checking how to compare bootstrapped objects
configure:5784: result: cmp --ignore-initial=16 $$f1 $$f2
configure:5851: checking whether x86_64-build_pc-linux-gnu-g++ supports C++11 features by default
configure:6147: x86_64-build_pc-linux-gnu-g++ -c -O2 -g -pipe -I/SCRATCH/arcjenkins2/slaves/us01-odc-custom-arcoss3/workspace/arcoss_verification/arc_gnu_toolchain_verification/build_toolchain-2/crosstool-ng/.build/arc-snps-elf/buildtools/include     conftest.cpp >&5
conftest.cpp:20:2: error: #error "This is not a C++11 compiler"
 #error "This is not a C++11 compiler"
  ^
configure:6147: $? = 1
configure: failed program was:
| /* confdefs.h */
| #define PACKAGE_NAME ""
| #define PACKAGE_TARNAME ""
| #define PACKAGE_VERSION ""
| #define PACKAGE_STRING ""
| #define PACKAGE_BUGREPORT ""
| #define PACKAGE_URL ""
| /* end confdefs.h.  */
| 
| 
| // If the compiler admits that it is not ready for C++11, why torture it?
| // Hopefully, this will speed up the test.
| 
| #ifndef __cplusplus
| 
| #error "This is not a C++ compiler"
| 
| #elif __cplusplus < 201103L
| 
| #error "This is not a C++11 compiler"
| 
| #else
| 
| namespace cxx11
| {
| 
|   namespace test_static_assert
|   {
| 
|     template <typename T>
|     struct check
|     {
|       static_assert(sizeof(int) <= sizeof(T), "not big enough");
|     };
| 
|   }
| 
|   namespace test_final_override
|   {
| 
|     struct Base
|     {
|       virtual ~Base() {}
|       virtual void f() {}
|     };
| 
|     struct Derived : public Base
|     {
|       virtual ~Derived() override {}
|       virtual void f() override {}
|     };
| 
|   }
| 
|   namespace test_double_right_angle_brackets
|   {
| 
|     template < typename T >
|     struct check {};
| 
|     typedef check<void> single_type;
|     typedef check<check<void>> double_type;
|     typedef check<check<check<void>>> triple_type;
|     typedef check<check<check<check<void>>>> quadruple_type;
| 
|   }
| 
|   namespace test_decltype
|   {
| 
|     int
|     f()
|     {
|       int a = 1;
|       decltype(a) b = 2;
|       return a + b;
|     }
| 
|   }
| 
|   namespace test_type_deduction
|   {
| 
|     template < typename T1, typename T2 >
|     struct is_same
|     {
|       static const bool value = false;
|     };
| 
|     template < typename T >
|     struct is_same<T, T>
|     {
|       static const bool value = true;
|     };
| 
|     template < typename T1, typename T2 >
|     auto
|     add(T1 a1, T2 a2) -> decltype(a1 + a2)
|     {
|       return a1 + a2;
|     }
| 
|     int
|     test(const int c, volatile int v)
|     {
|       static_assert(is_same<int, decltype(0)>::value == true, "");
|       static_assert(is_same<int, decltype(c)>::value == false, "");
|       static_assert(is_same<int, decltype(v)>::value == false, "");
|       auto ac = c;
|       auto av = v;
|       auto sumi = ac + av + 'x';
|       auto sumf = ac + av + 1.0;
|       static_assert(is_same<int, decltype(ac)>::value == true, "");
|       static_assert(is_same<int, decltype(av)>::value == true, "");
|       static_assert(is_same<int, decltype(sumi)>::value == true, "");
|       static_assert(is_same<int, decltype(sumf)>::value == false, "");
|       static_assert(is_same<int, decltype(add(c, v))>::value == true, "");
|       return (sumf > 0.0) ? sumi : add(c, v);
|     }
| 
|   }
| 
|   namespace test_noexcept
|   {
| 
|     int f() { return 0; }
|     int g() noexcept { return 0; }
| 
|     static_assert(noexcept(f()) == false, "");
|     static_assert(noexcept(g()) == true, "");
| 
|   }
| 
|   namespace test_constexpr
|   {
| 
|     template < typename CharT >
|     unsigned long constexpr
|     strlen_c_r(const CharT *const s, const unsigned long acc) noexcept
|     {
|       return *s ? strlen_c_r(s + 1, acc + 1) : acc;
|     }
| 
|     template < typename CharT >
|     unsigned long constexpr
|     strlen_c(const CharT *const s) noexcept
|     {
|       return strlen_c_r(s, 0UL);
|     }
| 
|     static_assert(strlen_c("") == 0UL, "");
|     static_assert(strlen_c("1") == 1UL, "");
|     static_assert(strlen_c("example") == 7UL, "");
|     static_assert(strlen_c("another\0example") == 7UL, "");
| 
|   }
| 
|   namespace test_rvalue_references
|   {
| 
|     template < int N >
|     struct answer
|     {
|       static constexpr int value = N;
|     };
| 
|     answer<1> f(int&)       { return answer<1>(); }
|     answer<2> f(const int&) { return answer<2>(); }
|     answer<3> f(int&&)      { return answer<3>(); }
| 
|     void
|     test()
|     {
|       int i = 0;
|       const int c = 0;
|       static_assert(decltype(f(i))::value == 1, "");
|       static_assert(decltype(f(c))::value == 2, "");
|       static_assert(decltype(f(0))::value == 3, "");
|     }
| 
|   }
| 
|   namespace test_uniform_initialization
|   {
| 
|     struct test
|     {
|       static const int zero {};
|       static const int one {1};
|     };
| 
|     static_assert(test::zero == 0, "");
|     static_assert(test::one == 1, "");
| 
|   }
| 
|   namespace test_lambdas
|   {
| 
|     void
|     test1()
|     {
|       auto lambda1 = [](){};
|       auto lambda2 = lambda1;
|       lambda1();
|       lambda2();
|     }
| 
|     int
|     test2()
|     {
|       auto a = [](int i, int j){ return i + j; }(1, 2);
|       auto b = []() -> int { return '0'; }();
|       auto c = [=](){ return a + b; }();
|       auto d = [&](){ return c; }();
|       auto e = [a, &b](int x) mutable {
|         const auto identity = [](int y){ return y; };
|         for (auto i = 0; i < a; ++i)
|           a += b--;
|         return x + identity(a + b);
|       }(0);
|       return a + b + c + d + e;
|     }
| 
|     int
|     test3()
|     {
|       const auto nullary = [](){ return 0; };
|       const auto unary = [](int x){ return x; };
|       using nullary_t = decltype(nullary);
|       using unary_t = decltype(unary);
|       const auto higher1st = [](nullary_t f){ return f(); };
|       const auto higher2nd = [unary](nullary_t f1){
|         return [unary, f1](unary_t f2){ return f2(unary(f1())); };
|       };
|       return higher1st(nullary) + higher2nd(nullary)(unary);
|     }
| 
|   }
| 
|   namespace test_variadic_templates
|   {
| 
|     template <int...>
|     struct sum;
| 
|     template <int N0, int... N1toN>
|     struct sum<N0, N1toN...>
|     {
|       static constexpr auto value = N0 + sum<N1toN...>::value;
|     };
| 
|     template <>
|     struct sum<>
|     {
|       static constexpr auto value = 0;
|     };
| 
|     static_assert(sum<>::value == 0, "");
|     static_assert(sum<1>::value == 1, "");
|     static_assert(sum<23>::value == 23, "");
|     static_assert(sum<1, 2>::value == 3, "");
|     static_assert(sum<5, 5, 11>::value == 21, "");
|     static_assert(sum<2, 3, 5, 7, 11, 13>::value == 41, "");
| 
|   }
| 
|   // http://stackoverflow.com/questions/13728184/template-aliases-and-sfinae
|   // Clang 3.1 fails with headers of libstd++ 4.8.3 when using std::function
|   // because of this.
|   namespace test_template_alias_sfinae
|   {
| 
|     struct foo {};
| 
|     template<typename T>
|     using member = typename T::member_type;
| 
|     template<typename T>
|     void func(...) {}
| 
|     template<typename T>
|     void func(member<T>*) {}
| 
|     void test();
| 
|     void test() { func<foo>(0); }
| 
|   }
| 
| }  // namespace cxx11
| 
| #endif  // __cplusplus >= 201103L
| 
| 
| 
configure:6154: result: no
configure:6164: checking whether x86_64-build_pc-linux-gnu-g++ supports C++11 features with -std=gnu++11
configure:6462: x86_64-build_pc-linux-gnu-g++ -std=gnu++11 -c -O2 -g -pipe -I/SCRATCH/arcjenkins2/slaves/us01-odc-custom-arcoss3/workspace/arcoss_verification/arc_gnu_toolchain_verification/build_toolchain-2/crosstool-ng/.build/arc-snps-elf/buildtools/include     conftest.cpp >&5
configure:6462: $? = 0
configure:6471: result: yes
configure:7928: checking for objdir
configure:7943: result: .libs
configure:8098: checking for the correct version of gmp.h
configure:8117: x86_64-build_pc-linux-gnu-gcc -std=gnu99 -c -O2 -g -pipe -I/SCRATCH/arcjenkins2/slaves/us01-odc-custom-arcoss3/workspace/arcoss_verification/arc_gnu_toolchain_verification/build_toolchain-2/crosstool-ng/.build/arc-snps-elf/buildtools/include   -I/SCRATCH/arcjenkins2/slaves/us01-odc-custom-arcoss3/workspace/arcoss_verification/arc_gnu_toolchain_verification/build_toolchain-2/crosstool-ng/.build/arc-snps-elf/buildtools/include -I/SCRATCH/arcjenkins2/slaves/us01-odc-custom-arcoss3/workspace/arcoss_verification/arc_gnu_toolchain_verification/build_toolchain-2/crosstool-ng/.build/arc-snps-elf/buildtools/include -I/SCRATCH/arcjenkins2/slaves/us01-odc-custom-arcoss3/workspace/arcoss_verification/arc_gnu_toolchain_verification/build_toolchain-2/crosstool-ng/.build/arc-snps-elf/buildtools/include   conftest.c >&5
configure:8117: $? = 0
configure:8135: x86_64-build_pc-linux-gnu-gcc -std=gnu99 -c -O2 -g -pipe -I/SCRATCH/arcjenkins2/slaves/us01-odc-custom-arcoss3/workspace/arcoss_verification/arc_gnu_toolchain_verification/build_toolchain-2/crosstool-ng/.build/arc-snps-elf/buildtools/include   -I/SCRATCH/arcjenkins2/slaves/us01-odc-custom-arcoss3/workspace/arcoss_verification/arc_gnu_toolchain_verification/build_toolchain-2/crosstool-ng/.build/arc-snps-elf/buildtools/include -I/SCRATCH/arcjenkins2/slaves/us01-odc-custom-arcoss3/workspace/arcoss_verification/arc_gnu_toolchain_verification/build_toolchain-2/crosstool-ng/.build/arc-snps-elf/buildtools/include -I/SCRATCH/arcjenkins2/slaves/us01-odc-custom-arcoss3/workspace/arcoss_verification/arc_gnu_toolchain_verification/build_toolchain-2/crosstool-ng/.build/arc-snps-elf/buildtools/include   conftest.c >&5
configure:8135: $? = 0
configure:8136: result: yes
configure:8152: checking for the correct version of mpfr.h
configure:8170: x86_64-build_pc-linux-gnu-gcc -std=gnu99 -c -O2 -g -pipe -I/SCRATCH/arcjenkins2/slaves/us01-odc-custom-arcoss3/workspace/arcoss_verification/arc_gnu_toolchain_verification/build_toolchain-2/crosstool-ng/.build/arc-snps-elf/buildtools/include   -I/SCRATCH/arcjenkins2/slaves/us01-odc-custom-arcoss3/workspace/arcoss_verification/arc_gnu_toolchain_verification/build_toolchain-2/crosstool-ng/.build/arc-snps-elf/buildtools/include -I/SCRATCH/arcjenkins2/slaves/us01-odc-custom-arcoss3/workspace/arcoss_verification/arc_gnu_toolchain_verification/build_toolchain-2/crosstool-ng/.build/arc-snps-elf/buildtools/include -I/SCRATCH/arcjenkins2/slaves/us01-odc-custom-arcoss3/workspace/arcoss_verification/arc_gnu_toolchain_verification/build_toolchain-2/crosstool-ng/.build/arc-snps-elf/buildtools/include   conftest.c >&5
configure:8170: $? = 0
configure:8187: x86_64-build_pc-linux-gnu-gcc -std=gnu99 -c -O2 -g -pipe -I/SCRATCH/arcjenkins2/slaves/us01-odc-custom-arcoss3/workspace/arcoss_verification/arc_gnu_toolchain_verification/build_toolchain-2/crosstool-ng/.build/arc-snps-elf/buildtools/include   -I/SCRATCH/arcjenkins2/slaves/us01-odc-custom-arcoss3/workspace/arcoss_verification/arc_gnu_toolchain_verification/build_toolchain-2/crosstool-ng/.build/arc-snps-elf/buildtools/include -I/SCRATCH/arcjenkins2/slaves/us01-odc-custom-arcoss3/workspace/arcoss_verification/arc_gnu_toolchain_verification/build_toolchain-2/crosstool-ng/.build/arc-snps-elf/buildtools/include -I/SCRATCH/arcjenkins2/slaves/us01-odc-custom-arcoss3/workspace/arcoss_verification/arc_gnu_toolchain_verification/build_toolchain-2/crosstool-ng/.build/arc-snps-elf/buildtools/include   conftest.c >&5
configure:8187: $? = 0
configure:8188: result: yes
configure:8205: checking for the correct version of mpc.h
configure:8222: x86_64-build_pc-linux-gnu-gcc -std=gnu99 -c -O2 -g -pipe -I/SCRATCH/arcjenkins2/slaves/us01-odc-custom-arcoss3/workspace/arcoss_verification/arc_gnu_toolchain_verification/build_toolchain-2/crosstool-ng/.build/arc-snps-elf/buildtools/include   -I/SCRATCH/arcjenkins2/slaves/us01-odc-custom-arcoss3/workspace/arcoss_verification/arc_gnu_toolchain_verification/build_toolchain-2/crosstool-ng/.build/arc-snps-elf/buildtools/include -I/SCRATCH/arcjenkins2/slaves/us01-odc-custom-arcoss3/workspace/arcoss_verification/arc_gnu_toolchain_verification/build_toolchain-2/crosstool-ng/.build/arc-snps-elf/buildtools/include -I/SCRATCH/arcjenkins2/slaves/us01-odc-custom-arcoss3/workspace/arcoss_verification/arc_gnu_toolchain_verification/build_toolchain-2/crosstool-ng/.build/arc-snps-elf/buildtools/include   conftest.c >&5
configure:8222: $? = 0
configure:8238: x86_64-build_pc-linux-gnu-gcc -std=gnu99 -c -O2 -g -pipe -I/SCRATCH/arcjenkins2/slaves/us01-odc-custom-arcoss3/workspace/arcoss_verification/arc_gnu_toolchain_verification/build_toolchain-2/crosstool-ng/.build/arc-snps-elf/buildtools/include   -I/SCRATCH/arcjenkins2/slaves/us01-odc-custom-arcoss3/workspace/arcoss_verification/arc_gnu_toolchain_verification/build_toolchain-2/crosstool-ng/.build/arc-snps-elf/buildtools/include -I/SCRATCH/arcjenkins2/slaves/us01-odc-custom-arcoss3/workspace/arcoss_verification/arc_gnu_toolchain_verification/build_toolchain-2/crosstool-ng/.build/arc-snps-elf/buildtools/include -I/SCRATCH/arcjenkins2/slaves/us01-odc-custom-arcoss3/workspace/arcoss_verification/arc_gnu_toolchain_verification/build_toolchain-2/crosstool-ng/.build/arc-snps-elf/buildtools/include   conftest.c >&5
configure:8238: $? = 0
configure:8239: result: yes
configure:8257: checking for the correct version of the gmp/mpfr/mpc libraries
configure:8288: x86_64-build_pc-linux-gnu-gcc -std=gnu99 -o conftest -O2 -g -pipe -I/SCRATCH/arcjenkins2/slaves/us01-odc-custom-arcoss3/workspace/arcoss_verification/arc_gnu_toolchain_verification/build_toolchain-2/crosstool-ng/.build/arc-snps-elf/buildtools/include   -I/SCRATCH/arcjenkins2/slaves/us01-odc-custom-arcoss3/workspace/arcoss_verification/arc_gnu_toolchain_verification/build_toolchain-2/crosstool-ng/.build/arc-snps-elf/buildtools/include -I/SCRATCH/arcjenkins2/slaves/us01-odc-custom-arcoss3/workspace/arcoss_verification/arc_gnu_toolchain_verification/build_toolchain-2/crosstool-ng/.build/arc-snps-elf/buildtools/include -I/SCRATCH/arcjenkins2/slaves/us01-odc-custom-arcoss3/workspace/arcoss_verification/arc_gnu_toolchain_verification/build_toolchain-2/crosstool-ng/.build/arc-snps-elf/buildtools/include   -L/SCRATCH/arcjenkins2/slaves/us01-odc-custom-arcoss3/workspace/arcoss_verification/arc_gnu_toolchain_verification/build_toolchain-2/crosstool-ng/.build/arc-snps-elf/buildtools/lib   conftest.c  -L/SCRATCH/arcjenkins2/slaves/us01-odc-custom-arcoss3/workspace/arcoss_verification/arc_gnu_toolchain_verification/build_toolchain-2/crosstool-ng/.build/arc-snps-elf/buildtools/lib -L/SCRATCH/arcjenkins2/slaves/us01-odc-custom-arcoss3/workspace/arcoss_verification/arc_gnu_toolchain_verification/build_toolchain-2/crosstool-ng/.build/arc-snps-elf/buildtools/lib -L/SCRATCH/arcjenkins2/slaves/us01-odc-custom-arcoss3/workspace/arcoss_verification/arc_gnu_toolchain_verification/build_toolchain-2/crosstool-ng/.build/arc-snps-elf/buildtools/lib -lmpc -lmpfr -lgmp >&5
configure:8288: $? = 0
configure:8289: result: yes
